#-----------------------------------------------------------
# Vivado v2024.2 (64-bit)
# SW Build 5239630 on Fri Nov 08 22:34:34 MST 2024
# IP Build 5239520 on Sun Nov 10 16:12:51 MST 2024
# SharedData Build 5239561 on Fri Nov 08 14:39:27 MST 2024
# Start of session at: Mon Mar 17 13:28:17 2025
# Process ID         : 4135273
# Current directory  : /home/chandler/github/fintech/V80/AVED/iprepo/smbus_v1_1-20240328/ip
# Command line       : vivado
# Log file           : /home/chandler/github/fintech/V80/AVED/iprepo/smbus_v1_1-20240328/ip/vivado.log
# Journal file       : /home/chandler/github/fintech/V80/AVED/iprepo/smbus_v1_1-20240328/ip/vivado.jou
# Running On         : cecport
# Platform           : Ubuntu
# Operating System   : Ubuntu 20.04.6 LTS
# Processor Detail   : AMD EPYC 75F3 32-Core Processor
# CPU Frequency      : 2300.040 MHz
# CPU Physical cores : 32
# CPU Logical cores  : 64
# Host memory        : 67275 MB
# Swap memory        : 8589 MB
# Total Virtual      : 75865 MB
# Available Virtual  : 65608 MB
#-----------------------------------------------------------
start_gui
WARNING: [Board 49-26] cannot add Board Part xilinx.com:zcu208ld:part0:2.0 available at /tools/Xilinx/Vivado/2024.2/data/xhub/boards/XilinxBoardStore/boards/Xilinx/zcu208ld/production/2.0/board.xml as part xczu58dr-fsvg1517-2-i specified in board_part file is either invalid or not available
WARNING: [Board 49-26] cannot add Board Part xilinx.com:zcu216ld:part0:2.0 available at /tools/Xilinx/Vivado/2024.2/data/xhub/boards/XilinxBoardStore/boards/Xilinx/zcu216ld/production/2.0/board.xml as part xczu59dr-ffvf1760-2-i specified in board_part file is either invalid or not available
WARNING: [Board 49-26] cannot add Board Part xilinx.com:zcu670ld:part0:1.0 available at /tools/Xilinx/Vivado/2024.2/data/xhub/boards/XilinxBoardStore/boards/Xilinx/zcu670ld/1.0/board.xml as part xczu57dr-fsve1156-2-i specified in board_part file is either invalid or not available
open_project /home/chandler/github/fintech/V80/AVED/hw/amd_v80_gen5x8_24.1/build/prj.xpr
INFO: [filemgmt 56-3] Default IP Output Path : Could not find the directory '/home/chandler/github/fintech/V80/AVED/hw/amd_v80_gen5x8_24.1/build/prj.gen/sources_1'.
Scanning sources...
Finished scanning sources
INFO: [IP_Flow 19-234] Refreshing IP repositories
INFO: [IP_Flow 19-1700] Loaded user IP repository '/home/chandler/github/fintech/V80/AVED/hw/amd_v80_gen5x8_24.1/src/iprepo'.
INFO: [IP_Flow 19-2313] Loaded Vivado IP repository '/tools/Xilinx/Vivado/2024.2/data/ip'.
update_compile_order -fileset sources_1
exit
INFO: [Common 17-206] Exiting Vivado at Mon Mar 17 13:30:10 2025...
